2	0.125
3	0.090
4	0.082
5	0.076
6	0.060
7	0.012
8	0.005
9	0.021
12	0.045
13	-0.023
14	-0.074
15	-0.136
16	-0.129
19	-0.554
20	-0.649
21	-0.616
22	-0.633
23	-0.430
24	-0.653
25	-0.156
26	0.087
27	0.156
28	0.221
29	0.423
32	0.394
33	0.201
34	-0.002
35	-0.440
36	-0.476
39	0.699
40	0.294
41	-0.105
42	-0.321
43	-0.378
44	-1.122
45	-1.168
48	0.696
49	0.342
50	0.197
51	0.060
52	0.054
53	-0.528
54	-0.315
55	-0.067
56	0.025
57	0.100
58	0.204
59	0.159
60	0.030
61	-0.002
62	-0.044
63	-0.114
64	-0.155
67	-0.179
68	-0.179
69	-0.179
73	0.240
74	0.240
77	0.049
80	0.013
81	0.013
82	0.013
85	0.441
86	0.298
87	0.218
88	0.190
89	0.252
90	0.215
91	0.220
92	0.209
93	0.213
94	-0.002
95	0.037
96	0.101
97	0.150
98	0.168
99	0.104
100	0.290
101	0.280
102	0.358
105	0.017
106	0.009
107	-0.065
108	-0.032
109	-0.086
110	-0.054
111	-0.029
112	0.033
113	-0.017
114	-0.033
115	-0.071
116	-0.113
117	-0.116
118	-0.049
119	-0.017
120	0.031
