2	0.015
3	-0.077
4	-0.121
5	-0.031
6	-0.073
7	-0.069
8	0.033
9	-0.035
11	0.014
12	0.037
13	-0.091
14	-0.083
15	-0.153
16	-0.311
18	-0.621
19	-0.411
20	-0.504
21	-0.447
22	-0.395
23	-0.280
24	-0.583
25	-0.083
26	0.203
27	0.119
28	0.231
29	0.232
31	-0.088
32	0.002
33	-0.026
34	0.077
35	-0.189
36	0.038
38	-0.050
39	0.282
40	0.194
41	-0.233
42	-0.349
43	-0.363
44	-0.663
45	-0.488
47	0.075
48	0.532
49	0.350
50	0.029
51	-0.001
52	-0.080
53	-0.494
54	-0.393
55	0.074
56	0.350
57	0.677
58	0.938
59	1.076
60	1.037
61	1.028
62	0.900
63	0.818
64	0.758
66	0.644
67	0.589
68	0.589
69	0.470
72	0.243
73	0.243
74	-0.011
76	-0.134
77	-0.145
79	0.250
80	0.185
81	0.185
82	0.085
84	0.093
85	0.225
86	0.322
87	0.312
88	0.409
89	0.272
90	0.279
91	0.280
92	0.320
93	0.140
94	0.184
95	0.119
96	0.169
97	0.070
98	0.292
99	0.182
100	0.207
101	-0.059
102	-0.012
103	-0.008
104	-0.037
105	0.026
106	-0.011
107	-0.123
108	0.143
109	0.216
110	0.171
111	0.114
112	0.211
113	-0.026
114	-0.007
115	-0.028
116	-0.013
117	0.046
118	-0.015
119	0.004
120	0.045
