2	0.102
3	0.079
5	0.010
6	0.104
7	0.115
8	0.135
9	0.145
10	0.152
11	0.097
12	0.093
13	0.045
14	-0.005
15	-0.025
16	-0.082
18	-0.071
19	-0.002
20	-0.062
21	-0.057
22	-0.136
23	-0.164
25	-0.141
26	-0.032
27	-0.051
28	-0.047
29	-0.082
30	-0.021
31	-0.052
32	-0.020
33	0.018
34	-0.068
35	-0.094
36	-0.179
38	-0.283
39	-0.102
40	0.074
41	0.170
42	0.165
43	0.179
45	-0.074
46	-0.014
47	-0.097
48	-0.109
49	-0.113
50	-0.060
51	-0.132
52	0.060
54	0.098
55	0.156
56	0.084
57	-0.020
58	0.013
59	0.236
60	0.161
61	0.257
62	0.391
63	0.400
64	0.229
65	0.301
66	0.231
67	0.184
68	0.193
69	0.162
70	0.124
71	0.120
73	-0.036
74	-0.132
75	-0.132
76	-0.123
79	-0.036
80	-0.036
81	-0.166
83	-0.386
84	-0.206
86	-0.077
87	0.331
88	0.331
89	0.343
91	0.453
92	0.077
93	0.070
94	0.043
95	0.056
96	0.041
97	-0.016
98	-0.019
99	-0.035
100	0.002
101	-0.034
102	-0.000
103	0.079
104	0.213
105	0.242
106	0.289
107	0.353
108	0.304
109	0.244
110	0.228
111	0.158
112	0.057
113	0.055
114	-0.093
115	-0.049
116	-0.079
117	-0.050
118	-0.031
119	0.036
120	-0.035
121	-0.034
122	-0.070
123	-0.115
124	-0.113
125	-0.032
126	0.001
127	0.059
