3	-0.101
4	-0.143
5	-0.113
6	-0.002
7	0.091
8	0.116
9	0.151
10	0.181
11	0.150
12	0.091
13	0.093
16	-0.051
17	0.047
18	0.040
19	0.095
20	-0.006
21	0.027
22	-0.042
23	0.070
24	0.128
25	0.197
26	0.268
27	0.362
28	0.329
29	0.293
30	0.353
31	0.323
32	0.298
33	0.302
34	0.287
35	0.236
36	0.199
37	0.166
38	0.094
39	0.062
40	0.088
41	0.081
42	0.058
43	0.079
44	0.077
45	0.029
46	0.041
47	0.035
48	0.025
49	0.053
50	0.036
51	0.022
52	-0.020
54	-0.030
55	0.030
56	0.033
57	0.040
58	0.048
59	-0.025
60	-0.105
61	-0.139
62	-0.211
63	-0.274
65	-0.352
66	-0.408
67	-0.408
