2	0.063
3	0.063
4	-0.016
6	-0.043
7	-0.094
8	-0.097
9	-0.012
10	0.110
11	0.135
12	0.172
13	0.186
14	0.167
15	0.095
16	0.080
19	-0.156
20	0.012
21	0.055
22	0.108
23	0.072
24	0.073
25	0.028
26	0.235
27	0.401
28	0.619
29	0.778
30	0.997
31	1.036
32	1.035
33	1.084
34	1.130
35	1.140
36	1.089
37	1.043
38	0.928
39	0.789
40	0.623
41	0.443
42	0.309
43	0.315
44	0.394
45	0.409
46	0.579
47	0.762
48	0.877
49	0.948
50	1.077
51	1.078
52	0.872
53	0.761
54	0.637
55	0.659
57	0.847
58	0.754
59	0.730
60	0.539
61	0.411
62	0.208
63	-0.034
64	-0.043
65	-0.118
66	-0.241
68	-0.312
69	-0.237
70	-0.237
71	-0.182
